<?xml version="1.0" encoding="UTF-8"?>
<!-- Generated by org.testng.reporters.JUnitXMLReporter -->
<testsuite ignored="0" hostname="Dillips-MBP.hitronhub.home" failures="1" tests="2" name="test01" time="0.026" errors="0" timestamp="2021-02-20T15:32:22 EST">
  <testcase classname="test.Submit" name="test01" time="0.004"/>
  <testcase classname="test.Submit" name="test02" time="0.0">
    <failure type="org.testng.TestNGException" message="
Parameter &amp;apos;Type&amp;apos; is required by @Test on method test02 but has not been marked @Optional or defined
in /Users/dillipnayak/eclipse-workspace/SelAdv/testng.xml">
      <![CDATA[org.testng.TestNGException: 
Parameter 'Type' is required by @Test on method test02 but has not been marked @Optional or defined
in /Users/dillipnayak/eclipse-workspace/SelAdv/testng.xml
at java.base/java.util.ArrayList.forEach(ArrayList.java:1511)
... Removed 26 stack frames]]>
    </failure>
  </testcase> <!-- test02 -->
</testsuite> <!-- test01 -->
